<?xml version="1.0" encoding="UTF-8"?>
<testng-results ignored="0" total="1" passed="1" failed="0" skipped="0">
  <reporter-output>
  </reporter-output>
  <suite started-at="2025-08-08T22:33:35 IST" name="Default suite" finished-at="2025-08-08T22:33:49 IST" duration-ms="14334">
    <groups>
    </groups>
    <test started-at="2025-08-08T22:33:35 IST" name="Default test" finished-at="2025-08-08T22:33:49 IST" duration-ms="14334">
      <class name="org.test.browserlaunch.HappenstanceTest">
        <test-method is-config="true" signature="setup()[pri:0, instance:org.test.browserlaunch.HappenstanceTest@27f981c6]" started-at="2025-08-08T22:33:35 IST" name="setup" finished-at="2025-08-08T22:33:42 IST" duration-ms="7266" status="PASS">
          <reporter-output>
          </reporter-output>
        </test-method> <!-- setup -->
        <test-method signature="Test()[pri:0, instance:org.test.browserlaunch.HappenstanceTest@27f981c6]" started-at="2025-08-08T22:33:42 IST" name="Test" finished-at="2025-08-08T22:33:49 IST" duration-ms="6517" status="PASS">
          <reporter-output>
          </reporter-output>
        </test-method> <!-- Test -->
        <test-method is-config="true" signature="tearDown()[pri:0, instance:org.test.browserlaunch.HappenstanceTest@27f981c6]" started-at="2025-08-08T22:33:49 IST" name="tearDown" finished-at="2025-08-08T22:33:49 IST" duration-ms="487" status="PASS">
          <reporter-output>
          </reporter-output>
        </test-method> <!-- tearDown -->
      </class> <!-- org.test.browserlaunch.HappenstanceTest -->
    </test> <!-- Default test -->
  </suite> <!-- Default suite -->
</testng-results>
