<?xml version="1.0" encoding="UTF-8"?>
<testng-results ignored="0" total="1" passed="1" failed="0" skipped="0">
  <reporter-output>
  </reporter-output>
  <suite started-at="2025-08-18T09:33:56 IST" name="Default suite" finished-at="2025-08-18T09:34:03 IST" duration-ms="7740">
    <groups>
    </groups>
    <test started-at="2025-08-18T09:33:56 IST" name="Default test" finished-at="2025-08-18T09:34:03 IST" duration-ms="7740">
      <class name="testCases.CoverPageTest">
        <test-method is-config="true" signature="setUp()[pri:0, instance:testCases.CoverPageTest@7f485fda]" started-at="2025-08-18T09:33:56 IST" name="setUp" finished-at="2025-08-18T09:33:57 IST" duration-ms="1589" status="PASS">
          <reporter-output>
          </reporter-output>
        </test-method> <!-- setUp -->
        <test-method signature="testcoverpage()[pri:0, instance:testCases.CoverPageTest@7f485fda]" started-at="2025-08-18T09:33:57 IST" name="testcoverpage" finished-at="2025-08-18T09:34:03 IST" duration-ms="5925" status="PASS">
          <reporter-output>
          </reporter-output>
        </test-method> <!-- testcoverpage -->
        <test-method is-config="true" signature="teardown()[pri:0, instance:testCases.CoverPageTest@7f485fda]" started-at="2025-08-18T09:34:03 IST" name="teardown" finished-at="2025-08-18T09:34:03 IST" duration-ms="185" status="PASS">
          <reporter-output>
          </reporter-output>
        </test-method> <!-- teardown -->
      </class> <!-- testCases.CoverPageTest -->
    </test> <!-- Default test -->
  </suite> <!-- Default suite -->
</testng-results>
